<?xml version="1.0" encoding="UTF-8"?>
<!-- Generated by org.testng.reporters.JUnitXMLReporter -->
<testsuite hostname="01LTP0053" name="Regression suite 1" tests="3" failures="0" timestamp="29 Jun 2016 09:27:25 GMT" time="0.058" errors="0">
  <testcase name="tc_001_TestCase1" time="0.008" classname="SampleProjectForGIT.GITSampleProject.ApplicationTest"/>
  <testcase name="tc_002_TestCase2" time="0.002" classname="SampleProjectForGIT.GITSampleProject.ApplicationTest"/>
  <testcase name="tc_003_TestCase3" time="0.002" classname="SampleProjectForGIT.GITSampleProject.ApplicationTest"/>
</testsuite> <!-- Regression suite 1 -->
