<?xml version="1.0" encoding="UTF-8"?>
<testng-results skipped="0" failed="0" total="3" passed="3">
  <reporter-output>
  </reporter-output>
  <suite name="Sample Project" duration-ms="36" started-at="2016-06-29T09:33:53Z" finished-at="2016-06-29T09:33:53Z">
    <groups>
    </groups>
    <test name="Regression suite 1" duration-ms="36" started-at="2016-06-29T09:33:53Z" finished-at="2016-06-29T09:33:53Z">
      <class name="SampleProjectForGIT.GITSampleProject.ApplicationTest">
        <test-method status="PASS" signature="init()[pri:0, instance:SampleProjectForGIT.GITSampleProject.ApplicationTest@1fbc7afb]" name="init" is-config="true" duration-ms="16" started-at="2016-06-29T15:03:53Z" finished-at="2016-06-29T15:03:53Z">
          <reporter-output>
          </reporter-output>
        </test-method> <!-- init -->
        <test-method status="PASS" signature="tc_001_TestCase1()[pri:0, instance:SampleProjectForGIT.GITSampleProject.ApplicationTest@1fbc7afb]" name="tc_001_TestCase1" duration-ms="1" started-at="2016-06-29T15:03:53Z" finished-at="2016-06-29T15:03:53Z">
          <reporter-output>
          </reporter-output>
        </test-method> <!-- tc_001_TestCase1 -->
        <test-method status="PASS" signature="tc_002_TestCase2()[pri:0, instance:SampleProjectForGIT.GITSampleProject.ApplicationTest@1fbc7afb]" name="tc_002_TestCase2" duration-ms="1" started-at="2016-06-29T15:03:53Z" finished-at="2016-06-29T15:03:53Z">
          <reporter-output>
          </reporter-output>
        </test-method> <!-- tc_002_TestCase2 -->
        <test-method status="PASS" signature="tc_003_TestCase3()[pri:0, instance:SampleProjectForGIT.GITSampleProject.ApplicationTest@1fbc7afb]" name="tc_003_TestCase3" duration-ms="1" started-at="2016-06-29T15:03:53Z" finished-at="2016-06-29T15:03:53Z">
          <reporter-output>
          </reporter-output>
        </test-method> <!-- tc_003_TestCase3 -->
        <test-method status="PASS" signature="close()[pri:0, instance:SampleProjectForGIT.GITSampleProject.ApplicationTest@1fbc7afb]" name="close" is-config="true" duration-ms="1" started-at="2016-06-29T15:03:53Z" finished-at="2016-06-29T15:03:53Z">
          <reporter-output>
          </reporter-output>
        </test-method> <!-- close -->
      </class> <!-- SampleProjectForGIT.GITSampleProject.ApplicationTest -->
    </test> <!-- Regression suite 1 -->
  </suite> <!-- Sample Project -->
</testng-results>
